<?xml version="1.0" encoding="UTF-8"?>
<testng-results ignored="0" total="1" passed="1" failed="0" skipped="0">
  <reporter-output>
  </reporter-output>
  <suite started-at="2022-03-26T19:55:05 EDT" name="Suite" finished-at="2022-03-26T19:55:24 EDT" duration-ms="19246">
    <groups>
    </groups>
    <test started-at="2022-03-26T19:55:05 EDT" name="Test" finished-at="2022-03-26T19:55:24 EDT" duration-ms="19246">
      <class name="tests.SlackTest">
        <test-method signature="slackAutomationChallenge()[pri:0, instance:tests.SlackTest@2a2bb0eb]" started-at="2022-03-26T19:55:05 EDT" name="slackAutomationChallenge" finished-at="2022-03-26T19:55:19 EDT" duration-ms="14314" status="PASS">
          <reporter-output>
          </reporter-output>
        </test-method> <!-- slackAutomationChallenge -->
        <test-method is-config="true" signature="closeBrowser()[pri:0, instance:tests.SlackTest@2a2bb0eb]" started-at="2022-03-26T19:55:20 EDT" name="closeBrowser" finished-at="2022-03-26T19:55:24 EDT" duration-ms="4196" status="PASS">
          <reporter-output>
          </reporter-output>
        </test-method> <!-- closeBrowser -->
      </class> <!-- tests.SlackTest -->
    </test> <!-- Test -->
  </suite> <!-- Suite -->
</testng-results>
